[28-Apr-2025 04:14:40 UTC] PHP Warning:  Undefined property: PDO::$connect_error in /home/u693220259/domains/jftech.shop/public_html/renan/pdv/functions.php on line 14
[28-Apr-2025 04:14:40 UTC] PHP Warning:  Undefined property: PDOStatement::$num_rows in /home/u693220259/domains/jftech.shop/public_html/renan/pdv/functions.php on line 29
[28-Apr-2025 04:14:40 UTC] PHP Fatal error:  Uncaught Error: Call to undefined function getSettings() in /home/u693220259/domains/jftech.shop/public_html/renan/pdv/index.php:22
Stack trace:
#0 {main}
  thrown in /home/u693220259/domains/jftech.shop/public_html/renan/pdv/index.php on line 22
[28-Apr-2025 04:14:41 UTC] PHP Warning:  Undefined property: PDO::$connect_error in /home/u693220259/domains/jftech.shop/public_html/renan/pdv/functions.php on line 14
[28-Apr-2025 04:14:41 UTC] PHP Warning:  Undefined property: PDOStatement::$num_rows in /home/u693220259/domains/jftech.shop/public_html/renan/pdv/functions.php on line 29
[28-Apr-2025 04:14:41 UTC] PHP Fatal error:  Uncaught Error: Call to undefined function getSettings() in /home/u693220259/domains/jftech.shop/public_html/renan/pdv/index.php:22
Stack trace:
#0 {main}
  thrown in /home/u693220259/domains/jftech.shop/public_html/renan/pdv/index.php on line 22
[28-Apr-2025 04:14:41 UTC] PHP Warning:  Undefined property: PDO::$connect_error in /home/u693220259/domains/jftech.shop/public_html/renan/pdv/functions.php on line 14
[28-Apr-2025 04:14:41 UTC] PHP Warning:  Undefined property: PDOStatement::$num_rows in /home/u693220259/domains/jftech.shop/public_html/renan/pdv/functions.php on line 29
[28-Apr-2025 04:14:41 UTC] PHP Fatal error:  Uncaught Error: Call to undefined function getSettings() in /home/u693220259/domains/jftech.shop/public_html/renan/pdv/index.php:22
Stack trace:
#0 {main}
  thrown in /home/u693220259/domains/jftech.shop/public_html/renan/pdv/index.php on line 22
[28-Apr-2025 04:14:41 UTC] PHP Warning:  Undefined property: PDO::$connect_error in /home/u693220259/domains/jftech.shop/public_html/renan/pdv/functions.php on line 14
[28-Apr-2025 04:14:41 UTC] PHP Warning:  Undefined property: PDOStatement::$num_rows in /home/u693220259/domains/jftech.shop/public_html/renan/pdv/functions.php on line 29
[28-Apr-2025 04:14:41 UTC] PHP Fatal error:  Uncaught Error: Call to undefined function getSettings() in /home/u693220259/domains/jftech.shop/public_html/renan/pdv/index.php:22
Stack trace:
#0 {main}
  thrown in /home/u693220259/domains/jftech.shop/public_html/renan/pdv/index.php on line 22
[28-Apr-2025 04:20:47 UTC] Ação recebida: update_order_summary
[28-Apr-2025 04:20:47 UTC] Ação recebida: get_current_order
[28-Apr-2025 04:20:50 UTC] Ação recebida: add_item_to_order
[28-Apr-2025 04:20:50 UTC] Ação recebida: get_current_order
[28-Apr-2025 04:20:50 UTC] Ação recebida: update_order_summary
[28-Apr-2025 04:21:02 UTC] Ação recebida: finish_order
[28-Apr-2025 04:21:06 UTC] Ação recebida: finish_order
[28-Apr-2025 04:21:06 UTC] Erro em saveSale: SQLSTATE[23000]: Integrity constraint violation: 1062 Duplicate entry '1007' for key 'PRIMARY'
[28-Apr-2025 04:21:14 UTC] Ação recebida: update_customer
[28-Apr-2025 04:21:24 UTC] Ação recebida: update_customer
[28-Apr-2025 04:21:28 UTC] Ação recebida: finish_order
[28-Apr-2025 04:21:28 UTC] Erro em saveSale: SQLSTATE[23000]: Integrity constraint violation: 1062 Duplicate entry '1007' for key 'PRIMARY'
[28-Apr-2025 04:24:03 UTC] Ação recebida: update_customer
[28-Apr-2025 04:25:01 UTC] Ação recebida: update_order_summary
[28-Apr-2025 04:25:01 UTC] Ação recebida: get_current_order
[28-Apr-2025 04:25:11 UTC] Ação recebida: cancel_sale
[28-Apr-2025 04:25:15 UTC] Ação recebida: cancel_sale
[28-Apr-2025 04:26:14 UTC] Ação recebida: get_product
[28-Apr-2025 04:26:21 UTC] Ação recebida: save_product
[28-Apr-2025 04:26:21 UTC] PHP Warning:  move_uploaded_file(Uploads/product_1745814381.png): Failed to open stream: No such file or directory in /home/u693220259/domains/jftech.shop/public_html/renan/pdv/functions.php on line 229
[28-Apr-2025 04:26:21 UTC] PHP Warning:  move_uploaded_file(): Unable to move &quot;/tmp/phpf9RobG&quot; to &quot;Uploads/product_1745814381.png&quot; in /home/u693220259/domains/jftech.shop/public_html/renan/pdv/functions.php on line 229
[28-Apr-2025 04:26:21 UTC] Erro ao mover imagem em saveProduct: Uploads/product_1745814381.png
[28-Apr-2025 04:27:10 UTC] Ação recebida: get_sale
[28-Apr-2025 04:27:11 UTC] Ação recebida: get_sale
[28-Apr-2025 04:43:53 UTC] Ação recebida: update_order_summary
[28-Apr-2025 04:43:53 UTC] Ação recebida: get_current_order
[28-Apr-2025 04:44:03 UTC] Ação recebida: add_item_to_order
[28-Apr-2025 04:44:04 UTC] Ação recebida: update_order_summary
[28-Apr-2025 04:44:04 UTC] Ação recebida: get_current_order
[28-Apr-2025 04:44:04 UTC] Ação recebida: add_item_to_order
[28-Apr-2025 04:44:04 UTC] Ação recebida: update_order_summary
[28-Apr-2025 04:44:04 UTC] Ação recebida: get_current_order
[28-Apr-2025 04:44:08 UTC] Ação recebida: finish_order
[28-Apr-2025 04:44:08 UTC] Venda salva com sucesso: ID 0
[28-Apr-2025 09:18:02 UTC] Ação recebida: get_current_order
[28-Apr-2025 09:18:02 UTC] Ação recebida: update_order_summary
[28-Apr-2025 09:18:08 UTC] Ação recebida: add_item_to_order
[28-Apr-2025 09:18:08 UTC] Ação recebida: get_current_order
[28-Apr-2025 09:18:08 UTC] Ação recebida: update_order_summary
[28-Apr-2025 09:18:28 UTC] Ação recebida: finish_order
[28-Apr-2025 09:18:28 UTC] Erro em saveSale: SQLSTATE[23000]: Integrity constraint violation: 1062 Duplicate entry '0' for key 'PRIMARY'
[28-Apr-2025 09:18:40 UTC] Ação recebida: cancel_order
[28-Apr-2025 09:18:40 UTC] Ação recebida: update_order_summary
[28-Apr-2025 09:19:05 UTC] Ação recebida: get_product
[28-Apr-2025 09:19:17 UTC] Ação recebida: save_product
[28-Apr-2025 09:19:17 UTC] Erro em saveProduct: Pasta Uploads/ não tem permissão de escrita
[28-Apr-2025 11:31:58 UTC] Ação recebida: get_current_order
[28-Apr-2025 11:31:58 UTC] Ação recebida: update_order_summary
[28-Apr-2025 12:00:01 UTC] Ação recebida: get_current_order
[28-Apr-2025 12:00:01 UTC] Ação recebida: update_order_summary
[28-Apr-2025 19:41:56 UTC] Ação recebida: get_current_order
[28-Apr-2025 19:41:56 UTC] Ação recebida: update_order_summary
[28-Apr-2025 19:42:39 UTC] Ação recebida: update_order_summary
[28-Apr-2025 19:42:39 UTC] Ação recebida: get_current_order
[28-Apr-2025 19:42:41 UTC] Ação recebida: add_item_to_order
[28-Apr-2025 19:42:41 UTC] Ação recebida: get_current_order
[28-Apr-2025 19:42:41 UTC] Ação recebida: update_order_summary
[28-Apr-2025 19:52:22 UTC] Ação recebida: update_order_summary
[28-Apr-2025 19:52:22 UTC] Ação recebida: get_current_order
[28-Apr-2025 19:52:29 UTC] Ação recebida: get_current_order
[28-Apr-2025 19:52:29 UTC] Ação recebida: update_order_summary
[28-Apr-2025 19:52:35 UTC] Ação recebida: add_item_to_order
[28-Apr-2025 19:52:35 UTC] Ação recebida: update_order_summary
[28-Apr-2025 19:52:35 UTC] Ação recebida: get_current_order
[28-Apr-2025 20:25:33 UTC] Ação recebida: get_current_order
[28-Apr-2025 20:25:33 UTC] Ação recebida: update_order_summary
[29-Apr-2025 02:57:09 UTC] Ação recebida: get_current_order
[29-Apr-2025 02:57:09 UTC] Ação recebida: update_order_summary
[29-Apr-2025 14:08:38 UTC] Ação recebida: get_current_order
[29-Apr-2025 14:08:38 UTC] Ação recebida: update_order_summary
[29-Apr-2025 14:08:43 UTC] Ação recebida: add_item_to_order
[29-Apr-2025 14:08:44 UTC] Ação recebida: get_current_order
[29-Apr-2025 14:08:44 UTC] Ação recebida: update_order_summary
[29-Apr-2025 14:08:44 UTC] Ação recebida: add_item_to_order
[29-Apr-2025 14:08:44 UTC] Ação recebida: get_current_order
[29-Apr-2025 14:08:44 UTC] Ação recebida: update_order_summary
[29-Apr-2025 14:08:45 UTC] Ação recebida: add_item_to_order
[29-Apr-2025 14:08:45 UTC] Ação recebida: update_order_summary
[29-Apr-2025 14:08:45 UTC] Ação recebida: get_current_order
[29-Apr-2025 14:08:45 UTC] Ação recebida: add_item_to_order
[29-Apr-2025 14:08:45 UTC] Ação recebida: update_order_summary
[29-Apr-2025 14:08:45 UTC] Ação recebida: get_current_order
[29-Apr-2025 14:08:46 UTC] Ação recebida: add_item_to_order
[29-Apr-2025 14:08:46 UTC] Ação recebida: get_current_order
[29-Apr-2025 14:08:46 UTC] Ação recebida: update_order_summary
[29-Apr-2025 14:08:53 UTC] Ação recebida: update_cash_received
[29-Apr-2025 14:08:54 UTC] Ação recebida: update_order_summary
[29-Apr-2025 14:08:54 UTC] Ação recebida: update_cash_received
[29-Apr-2025 14:08:54 UTC] Ação recebida: update_order_summary
[29-Apr-2025 14:08:54 UTC] Ação recebida: update_cash_received
[29-Apr-2025 14:08:54 UTC] Ação recebida: update_order_summary
[29-Apr-2025 14:08:54 UTC] Ação recebida: update_cash_received
[29-Apr-2025 14:08:54 UTC] Ação recebida: update_order_summary
[29-Apr-2025 14:08:54 UTC] Ação recebida: update_cash_received
[29-Apr-2025 14:08:54 UTC] Ação recebida: update_order_summary
[29-Apr-2025 14:08:55 UTC] Ação recebida: update_cash_received
[29-Apr-2025 14:08:55 UTC] Ação recebida: update_order_summary
[29-Apr-2025 14:08:56 UTC] Ação recebida: update_cash_received
[29-Apr-2025 14:08:56 UTC] Ação recebida: update_order_summary
[29-Apr-2025 14:08:56 UTC] Ação recebida: update_cash_received
[29-Apr-2025 14:08:56 UTC] Ação recebida: update_order_summary
[29-Apr-2025 14:08:56 UTC] Ação recebida: update_cash_received
[29-Apr-2025 14:08:56 UTC] Ação recebida: update_order_summary
[29-Apr-2025 14:09:05 UTC] Ação recebida: update_payment_method
[29-Apr-2025 14:09:05 UTC] Ação recebida: update_order_summary
[29-Apr-2025 14:09:07 UTC] Ação recebida: update_payment_method
[29-Apr-2025 14:09:07 UTC] Ação recebida: update_order_summary
[29-Apr-2025 14:09:10 UTC] Ação recebida: update_cash_received
[29-Apr-2025 14:09:10 UTC] Ação recebida: update_order_summary
[29-Apr-2025 14:09:10 UTC] Ação recebida: update_cash_received
[29-Apr-2025 14:09:10 UTC] Ação recebida: update_order_summary
[29-Apr-2025 14:09:10 UTC] Ação recebida: update_cash_received
[29-Apr-2025 14:09:10 UTC] Ação recebida: update_order_summary
[29-Apr-2025 14:09:11 UTC] Ação recebida: update_cash_received
[29-Apr-2025 14:09:11 UTC] Ação recebida: update_order_summary
[29-Apr-2025 14:09:11 UTC] Ação recebida: update_cash_received
[29-Apr-2025 14:09:11 UTC] Ação recebida: update_order_summary
[29-Apr-2025 14:09:11 UTC] Ação recebida: update_cash_received
[29-Apr-2025 14:09:11 UTC] Ação recebida: update_order_summary
[29-Apr-2025 14:09:28 UTC] Ação recebida: finish_order
[29-Apr-2025 14:09:28 UTC] Erro em saveSale: SQLSTATE[23000]: Integrity constraint violation: 1062 Duplicate entry '0' for key 'PRIMARY'
[29-Apr-2025 14:09:43 UTC] Ação recebida: update_payment_method
[29-Apr-2025 14:09:43 UTC] Ação recebida: update_order_summary
[29-Apr-2025 14:34:54 UTC] Ação recebida: get_current_order
[29-Apr-2025 14:34:54 UTC] Ação recebida: update_order_summary
[29-Apr-2025 14:35:05 UTC] Ação recebida: add_item_to_order
[29-Apr-2025 14:35:05 UTC] Ação recebida: get_current_order
[29-Apr-2025 14:35:05 UTC] Ação recebida: update_order_summary
[29-Apr-2025 14:35:21 UTC] Ação recebida: add_item_to_order
[29-Apr-2025 14:35:21 UTC] Ação recebida: get_current_order
[29-Apr-2025 14:35:21 UTC] Ação recebida: update_order_summary
[29-Apr-2025 14:35:39 UTC] Ação recebida: update_customer
[29-Apr-2025 14:35:54 UTC] Ação recebida: finish_order
[29-Apr-2025 14:35:54 UTC] Erro em saveSale: SQLSTATE[23000]: Integrity constraint violation: 1062 Duplicate entry '0' for key 'PRIMARY'
[29-Apr-2025 14:50:59 UTC] Ação recebida: get_current_order
[29-Apr-2025 14:50:59 UTC] Ação recebida: update_order_summary
[29-Apr-2025 15:13:50 UTC] Ação recebida: get_current_order
[29-Apr-2025 15:13:50 UTC] Ação recebida: update_order_summary
[31-May-2025 21:20:13 UTC] Ação recebida: get_current_order
[31-May-2025 21:20:13 UTC] Ação recebida: update_order_summary
[31-May-2025 21:20:38 UTC] Ação recebida: update_order_summary
[31-May-2025 21:20:38 UTC] Ação recebida: get_current_order
[31-May-2025 21:20:43 UTC] Ação recebida: get_current_order
[31-May-2025 21:20:43 UTC] Ação recebida: update_order_summary
[31-May-2025 21:20:48 UTC] Ação recebida: update_order_summary
[31-May-2025 21:20:48 UTC] Ação recebida: get_current_order
[31-May-2025 22:10:41 UTC] Ação recebida: get_current_order
[31-May-2025 22:10:41 UTC] Ação recebida: update_order_summary
[14-Jun-2025 18:25:39 UTC] Ação recebida: update_order_summary
[14-Jun-2025 18:25:39 UTC] Ação recebida: get_current_order
[14-Jun-2025 18:25:49 UTC] Ação recebida: add_item_to_order
[14-Jun-2025 18:25:49 UTC] Ação recebida: get_current_order
[14-Jun-2025 18:25:49 UTC] Ação recebida: update_order_summary
[14-Jun-2025 18:25:49 UTC] Ação recebida: add_item_to_order
[14-Jun-2025 18:25:49 UTC] Ação recebida: get_current_order
[14-Jun-2025 18:25:49 UTC] Ação recebida: update_order_summary
[14-Jun-2025 18:25:54 UTC] Ação recebida: update_cash_received
[14-Jun-2025 18:25:54 UTC] Ação recebida: update_order_summary
[14-Jun-2025 18:25:55 UTC] Ação recebida: update_cash_received
[14-Jun-2025 18:25:55 UTC] Ação recebida: update_order_summary
[14-Jun-2025 18:25:55 UTC] Ação recebida: update_cash_received
[14-Jun-2025 18:25:55 UTC] Ação recebida: update_order_summary
[14-Jun-2025 18:25:56 UTC] Ação recebida: update_cash_received
[14-Jun-2025 18:25:56 UTC] Ação recebida: update_order_summary
[14-Jun-2025 18:25:56 UTC] Ação recebida: update_cash_received
[14-Jun-2025 18:25:56 UTC] Ação recebida: update_order_summary
[14-Jun-2025 18:25:56 UTC] Ação recebida: update_cash_received
[14-Jun-2025 18:25:56 UTC] Ação recebida: update_order_summary
[14-Jun-2025 18:25:56 UTC] Ação recebida: update_cash_received
[14-Jun-2025 18:25:56 UTC] Ação recebida: update_order_summary
[14-Jun-2025 18:25:57 UTC] Ação recebida: update_cash_received
[14-Jun-2025 18:25:57 UTC] Ação recebida: update_order_summary
[14-Jun-2025 18:25:57 UTC] Ação recebida: update_cash_received
[14-Jun-2025 18:25:57 UTC] Ação recebida: update_order_summary
[14-Jun-2025 18:25:57 UTC] Ação recebida: update_cash_received
[14-Jun-2025 18:25:57 UTC] Ação recebida: update_order_summary
[14-Jun-2025 18:25:58 UTC] Ação recebida: update_cash_received
[14-Jun-2025 18:25:58 UTC] Ação recebida: update_order_summary
[14-Jun-2025 18:25:58 UTC] Ação recebida: update_cash_received
[14-Jun-2025 18:25:58 UTC] Ação recebida: update_order_summary
[14-Jun-2025 18:25:58 UTC] Ação recebida: update_cash_received
[14-Jun-2025 18:25:58 UTC] Ação recebida: update_order_summary
[14-Jun-2025 18:25:58 UTC] Ação recebida: update_cash_received
[14-Jun-2025 18:25:59 UTC] Ação recebida: update_order_summary
[14-Jun-2025 18:25:59 UTC] Ação recebida: update_cash_received
[14-Jun-2025 18:25:59 UTC] Ação recebida: update_order_summary
[14-Jun-2025 18:26:17 UTC] Ação recebida: finish_order
[14-Jun-2025 18:26:17 UTC] Erro em saveSale: SQLSTATE[23000]: Integrity constraint violation: 1062 Duplicate entry '0' for key 'PRIMARY'
[14-Jun-2025 18:26:21 UTC] Ação recebida: update_customer
[14-Jun-2025 18:26:23 UTC] Ação recebida: finish_order
[14-Jun-2025 18:26:23 UTC] Erro em saveSale: SQLSTATE[23000]: Integrity constraint violation: 1062 Duplicate entry '0' for key 'PRIMARY'
